1. <Event>The Blast (after 0 seconds) (mushroom cloud): The world ended in a flash of blinding light. You were huddled in the basement of your house, praying for a miracle.</Event>
2. <Event>The Silence (after 5 minutes) (empty street): The dust settled. You emerged from the basement to a silent, devastated world. A sense of dread filled you, replacing the adrenaline.</Event>
3. <Event>The First Night (after 1 hour) (empty city at night): As night fell, you were haunted by the emptiness of the city. Every creak and groan was amplified in the silence.</Event>
4. <Event>Finding Supplies (after 1 day) (man scavenging): You ventured out, gathering whatever food and water you could find, hoping to survive the coming days.</Event>
5. <Event>The First Casualty (after 3 days) (man crying): You stumbled upon a group of survivors, only to find them dead, victims of radiation sickness. The first of many casualties.</Event>
6. <Event>The Lonely Survivalist (after 1 week) (man in a desolate world): You moved from town to town, a solitary figure in a desolate world. The world was full of reminders of what you had lost.</Event>
7. <Event>The Radio (after 2 weeks) (man listening to a radio): You found a working radio, a glimmer of hope in the dark. You listened to static, desperate for any sign of other survivors.</Event>
8. <Event>The Signal (after 4 weeks) (man listening to the radio with hope): One day, a weak signal. You held your breath, praying it was another survivor.</Event>
9. <Event>The Message (after 4 weeks) (man with a hopeful expression): A garbled message, barely audible. It mentioned a safe haven, a place called "The Shelter."</Event>
10. <Event>The Journey Begins (after 1 month) (man walking down a road with a map): Armed with a map and a newfound purpose, you set off to find The Shelter.</Event>
11. <Event>The Dangers (after 3 months) (man encountering a dangerous wasteland): The journey was arduous. You navigated through radioactive wastelands, encountering mutated creatures and abandoned settlements.</Event>
12. <Event>The Fight (after 6 months) (man fighting off a mutated creature): You had to fight to survive, each encounter leaving its mark on you, both physically and mentally.</Event>
13. <Event>The Hope (after 1 year) (man reaching the edge of a forest): You finally reached the outskirts of the forest where The Shelter was supposed to be. Hope rekindled.</Event>
14. <Event>The Discovery (after 1 year and 1 month) (man approaching a village): You stumbled upon a small village, nestled deep within the forest. A sign of life in this ravaged world.</Event>
15. <Event>The Meeting (after 1 year and 1 month) (man talking to villagers): You were met with cautious suspicion. The villagers, hardened by years of survival, were hesitant to trust a stranger.</Event>
16. <Event>The Truth (after 1 year and 2 months) (villagers gathered around a man): You shared your story, your journey, and the message you received on the radio.</Event>
17. <Event>The Acceptance (after 1 year and 2 months) (villagers offering food to the man): The villagers, touched by your resilience, welcomed you into their community.</Event>
18. <Event>The Shelter (after 1 year and 3 months) (man looking at a hidden shelter entrance): You learned that The Shelter was a hidden bunker, built before the war to protect a select few.</Event>
19. <Event>The History (after 1 year and 4 months) (man reading an old document): You discovered records of the bunker, detailing the events that led to the nuclear war and the efforts to save humanity.</Event>
20. <Event>The Legacy (after 1 year and 5 months) (man looking at a family of survivors): You became part of the community, helping rebuild their lives. Your journey had brought you to a new beginning.</Event>
21. <Event>The Future (after 2 years) (man leading a group of survivors): You shared your knowledge and skills, helping the survivors adapt to the new world and create a future for themselves.</Event>
22. <Event>The Last Hope (after 5 years) (man looking at a child learning to read): The children, born after the war, grew up knowing only this ravaged world. They were the hope for a new future.</Event>
23. <Event>The Flame (after 10 years) (group of survivors tending a fire): The flame of humanity had not been extinguished. It burned brighter in the hearts of those who had survived, a testament to their resilience.</Event>
24. <Event>The New Beginning (after 20 years) (man standing on a hill overlooking a restored village): You witnessed the slow, steady progress of rebuilding. A new world was emerging from the ashes.</Event>
25. <Event>The Last Man's Legacy (after 30 years) (man sitting by a fire with his family): Your story was passed down through generations, a reminder of the past and a beacon of hope for the future.</Event>
