1. The Blast (after 0 seconds) (mushroom cloud): The world ended in a flash of blinding light. You were huddled in the basement of your house, praying for a miracle.
2. The Silence (after 5 minutes) (empty street): The dust settled. You emerged from the basement to a silent, devastated world. A sense of dread filled you, replacing the adrenaline.
3. The First Night (after 1 hour) (empty city at night): As night fell, you were haunted by the emptiness of the city. Every creak and groan was amplified in the silence.
4. Finding Supplies (after 1 day) (man scavenging): You ventured out, gathering whatever food and water you could find, hoping to survive the coming days.
5. The First Casualty (after 3 days) (man crying): You stumbled upon a group of survivors, only to find them dead, victims of radiation sickness. The first of many casualties.
6. The Lonely Survivalist (after 1 week) (man in a desolate world): You moved from town to town, a solitary figure in a desolate world. The world was full of reminders of what you had lost.
7. The Radio (after 2 weeks) (man listening to a radio): You found a working radio, a glimmer of hope in the dark. You listened to static, desperate for any sign of other survivors.
8. The Signal (after 4 weeks) (man listening to the radio with hope): One day, a weak signal. You held your breath, praying it was another survivor.
9. The Message (after 4 weeks) (man with a hopeful expression): A garbled message, barely audible. It mentioned a safe haven, a place called "The Shelter."
10. The Journey Begins (after 1 month) (man walking down a road with a map): Armed with a map and a newfound purpose, you set off to find The Shelter.
11. The Dangers (after 3 months) (man encountering a dangerous wasteland): The journey was arduous. You navigated through radioactive wastelands, encountering mutated creatures and abandoned settlements.
12. The Fight (after 6 months) (man fighting off a mutated creature): You had to fight to survive, each encounter leaving its mark on you, both physically and mentally.
13. The Hope (after 1 year) (man reaching the edge of a forest): You finally reached the outskirts of the forest where The Shelter was supposed to be. Hope rekindled.
14. The Discovery (after 1 year and 1 month) (man approaching a village): You stumbled upon a small village, nestled deep within the forest. A sign of life in this ravaged world.
15. The Meeting (after 1 year and 1 month) (man talking to villagers): You were met with cautious suspicion. The villagers, hardened by years of survival, were hesitant to trust a stranger.
16. The Truth (after 1 year and 2 months) (villagers gathered around a man): You shared your story, your journey, and the message you received on the radio.
17. The Acceptance (after 1 year and 2 months) (villagers offering food to the man): The villagers, touched by your resilience, welcomed you into their community.
18. The Shelter (after 1 year and 3 months) (man looking at a hidden shelter entrance): You learned that The Shelter was a hidden bunker, built before the war to protect a select few.
19. The History (after 1 year and 4 months) (man reading an old document): You discovered records of the bunker, detailing the events that led to the nuclear war and the efforts to save humanity.
20. The Legacy (after 1 year and 5 months) (man looking at a family of survivors): You became part of the community, helping rebuild their lives. Your journey had brought you to a new beginning.
21. The Future (after 2 years) (man leading a group of survivors): You shared your knowledge and skills, helping the survivors adapt to the new world and create a future for themselves.
22. The Last Hope (after 5 years) (man looking at a child learning to read): The children, born after the war, grew up knowing only this ravaged world. They were the hope for a new future.
23. The Flame (after 10 years) (group of survivors tending a fire): The flame of humanity had not been extinguished. It burned brighter in the hearts of those who had survived, a testament to their resilience.
24. The New Beginning (after 20 years) (man standing on a hill overlooking a restored village): You witnessed the slow, steady progress of rebuilding. A new world was emerging from the ashes.
25. The Last Man's Legacy (after 30 years) (man sitting by a fire with his family): Your story was passed down through generations, a reminder of the past and a beacon of hope for the future. 
